<?xml version="1.0" encoding="UTF-8"?>
<!-- Generated by org.testng.reporters.JUnitReportReporter -->
<testsuite skipped="0" hostname="XE-TMAC-ANUBRATAG" name="com.mashreeqdigital.qa.test.HomePageTest" tests="4" failures="0" timestamp="27 May 2019 11:10:47 GMT" time="70.764" errors="0">
  <testcase name="verifyNavigationBar" time="31.152" classname="com.mashreeqdigital.qa.test.HomePageTest"/>
  <testcase name="validateNavigationValues" time="14.114" classname="com.mashreeqdigital.qa.test.HomePageTest"/>
  <testcase name="verifyNewsFeedLabel" time="11.654" classname="com.mashreeqdigital.qa.test.HomePageTest"/>
  <testcase name="clickContactUsLink" time="13.844" classname="com.mashreeqdigital.qa.test.HomePageTest"/>
</testsuite> <!-- com.mashreeqdigital.qa.test.HomePageTest -->
