<?xml version="1.0" encoding="UTF-8"?>
<!-- Generated by org.testng.reporters.JUnitReportReporter -->
<testsuite skipped="0" hostname="XE-TMAC-ANUBRATAG" name="com.mashreeqdigital.qa.test.HomePageTest" tests="1" failures="0" timestamp="26 May 2019 20:05:25 GMT" time="23.448" errors="0">
  <testcase name="clickContactUsLink" time="23.448" classname="com.mashreeqdigital.qa.test.HomePageTest"/>
</testsuite> <!-- com.mashreeqdigital.qa.test.HomePageTest -->
